<?xml version="1.0" encoding="UTF-8"?>
<!-- Generated by org.testng.reporters.JUnitReportReporter -->
<testsuite hostname="DESKTOP-NJ7HIPC" failures="0" tests="1" name="mainProgram.first" time="0.964" errors="0" timestamp="2023-01-03T14:03:10 IST" skipped="0">
  <testcase classname="mainProgram.first" name="main" time="0.964"/>
  <system-out/>
</testsuite> <!-- mainProgram.first -->
