<?xml version="1.0" encoding="UTF-8"?>
<!-- Generated by org.testng.reporters.JUnitReportReporter -->
<testsuite hostname="DESKTOP-NJ7HIPC" failures="0" tests="1" name="mainProgram.page1" time="5.721" errors="0" timestamp="2023-01-01T14:19:31 IST" skipped="0">
  <testcase classname="mainProgram.page1" name="SetProperty" time="5.721"/>
  <system-out/>
</testsuite> <!-- mainProgram.page1 -->
