<?xml version="1.0" encoding="UTF-8"?>
<!-- Generated by org.testng.reporters.JUnitReportReporter -->
<testsuite hostname="DESKTOP-NJ7HIPC" failures="0" tests="4" name="LogForJ.LOG4Jclass" time="7.179" errors="0" timestamp="2023-01-25T12:17:46 IST" skipped="0">
  <testcase classname="LogForJ.LOG4Jclass" name="main" time="6.281"/>
  <system-out/>
  <testcase classname="LogForJ.LOG4Jclass" name="warntitle" time="0.055"/>
  <system-out/>
  <testcase classname="LogForJ.LOG4Jclass" name="deeleted" time="0.047"/>
  <system-out/>
  <testcase classname="LogForJ.LOG4Jclass" name="close" time="0.796"/>
  <system-out/>
</testsuite> <!-- LogForJ.LOG4Jclass -->
