<?xml version="1.0" encoding="UTF-8"?>
<!-- Generated by org.testng.reporters.JUnitReportReporter -->
<testsuite hostname="DESKTOP-NJ7HIPC" failures="0" tests="3" name="apachepoiexel.classsdatapass" time="1.234" errors="0" timestamp="2023-01-24T16:07:55 IST" skipped="0">
  <testcase classname="apachepoiexel.classsdatapass" name="run" time="0.369"/>
  <system-out/>
  <testcase classname="apachepoiexel.classsdatapass" name="run" time="0.365"/>
  <system-out/>
  <testcase classname="apachepoiexel.classsdatapass" name="run" time="0.500"/>
  <system-out/>
</testsuite> <!-- apachepoiexel.classsdatapass -->
