<?xml version="1.0" encoding="UTF-8"?>
<!-- Generated by org.testng.reporters.JUnitReportReporter -->
<testsuite hostname="DESKTOP-NJ7HIPC" failures="0" tests="3" name="testnG.parallelExecution" time="96.003" errors="0" timestamp="2023-01-02T16:05:50 IST" skipped="0">
  <testcase classname="testnG.parallelExecution" name="excution4" time="31.521"/>
  <system-out/>
  <testcase classname="testnG.parallelExecution" name="excution3" time="32.464"/>
  <system-out/>
  <testcase classname="testnG.parallelExecution" name="executon2" time="32.018"/>
  <system-out/>
</testsuite> <!-- testnG.parallelExecution -->
