<?xml version="1.0" encoding="UTF-8"?>
<!-- Generated by org.testng.reporters.JUnitReportReporter -->
<testsuite hostname="DESKTOP-NJ7HIPC" failures="0" tests="3" name="mainProgram.loginScenario" time="261.778" errors="0" timestamp="2023-01-03T16:22:56 IST" skipped="0">
  <testcase classname="mainProgram.loginScenario" name="actualTest" time="107.736"/>
  <system-out/>
  <testcase classname="mainProgram.loginScenario" name="actualTest" time="29.852"/>
  <system-out/>
  <testcase classname="mainProgram.loginScenario" name="actualTest" time="124.190"/>
  <system-out/>
</testsuite> <!-- mainProgram.loginScenario -->
